  [4;36;1mSQL (0.4ms)[0m   [0;1m SELECT name
 FROM sqlite_master
 WHERE type = 'table' AND NOT name = 'sqlite_sequence'
[0m
  [4;35;1mSQL (0.2ms)[0m   [0mselect sqlite_version(*)[0m
  [4;36;1mSQL (4.7ms)[0m   [0;1mCREATE TABLE "schema_migrations" ("version" varchar(255) NOT NULL) [0m
  [4;35;1mSQL (5.1ms)[0m   [0mCREATE UNIQUE INDEX "unique_schema_migrations" ON "schema_migrations" ("version")[0m
  [4;36;1mSQL (0.4ms)[0m   [0;1m SELECT name
 FROM sqlite_master
 WHERE type = 'table' AND NOT name = 'sqlite_sequence'
[0m
  [4;35;1mSQL (0.2ms)[0m   [0mSELECT version FROM schema_migrations[0m
Migrating to CreateTopics (20090613212832)
  [4;36;1mSQL (0.8ms)[0m   [0;1mCREATE TABLE "topics" ("id" INTEGER PRIMARY KEY AUTOINCREMENT NOT NULL, "title" varchar(255), "description" text, "created_at" datetime, "updated_at" datetime) [0m
  [4;35;1mSQL (0.2ms)[0m   [0mINSERT INTO schema_migrations (version) VALUES ('20090613212832')[0m
  [4;36;1mSQL (0.4ms)[0m   [0;1m SELECT name
 FROM sqlite_master
 WHERE type = 'table' AND NOT name = 'sqlite_sequence'
[0m
  [4;35;1mSQL (0.2ms)[0m   [0mSELECT version FROM schema_migrations[0m
  [4;36;1mSQL (0.2ms)[0m   [0;1m SELECT name
 FROM sqlite_master
 WHERE type = 'table' AND NOT name = 'sqlite_sequence'
[0m
  [4;35;1mSQL (0.1ms)[0m   [0mPRAGMA index_list("topics")[0m


Processing TopicsController#index (for 127.0.0.1 at 2009-06-13 14:32:17) [GET]
  [4;36;1mTopic Load (0.6ms)[0m   [0;1mSELECT * FROM "topics" [0m
Rendering template within layouts/topics
Rendering topics/index
Completed in 67ms (View: 60, DB: 1) | 200 OK [http://localhost/topics/]


Processing TopicsController#new (for 127.0.0.1 at 2009-06-13 14:32:19) [GET]
Rendering template within layouts/topics
Rendering topics/new
Completed in 17ms (View: 11, DB: 0) | 200 OK [http://localhost/topics/new]


Processing TopicsController#new (for 127.0.0.1 at 2009-06-13 14:32:29) [GET]
Rendering template within layouts/topics
Rendering topics/new
Completed in 73ms (View: 67, DB: 0) | 200 OK [http://localhost/topics/new]


Processing TopicsController#create (for 127.0.0.1 at 2009-06-13 14:32:50) [POST]
  Parameters: {"commit"=>"Create", "authenticity_token"=>"6WF1uCSR1ZpaanjxFrDDmWHaiPXt1TlD6hAQLqjiiAM=", "topic"=>{"title"=>"I want to learn XYZ", "description"=>"Please tell me more about XYZ 123 ABC"}}
  [4;35;1mTopic Create (0.8ms)[0m   [0mINSERT INTO "topics" ("updated_at", "title", "description", "created_at") VALUES('2009-06-13 21:32:50', 'I want to learn XYZ', 'Please tell me more about XYZ 123 ABC', '2009-06-13 21:32:50')[0m
Redirected to http://localhost:3000/topics/1
Completed in 61ms (DB: 1) | 302 Found [http://localhost/topics]


Processing TopicsController#show (for 127.0.0.1 at 2009-06-13 14:32:50) [GET]
  Parameters: {"id"=>"1"}
  [4;36;1mTopic Load (0.3ms)[0m   [0;1mSELECT * FROM "topics" WHERE ("topics"."id" = 1) [0m
Rendering template within layouts/topics
Rendering topics/show
Completed in 14ms (View: 7, DB: 0) | 200 OK [http://localhost/topics/1]


Processing TopicsController#index (for 127.0.0.1 at 2009-06-13 14:32:55) [GET]
  [4;35;1mTopic Load (0.6ms)[0m   [0mSELECT * FROM "topics" [0m
Rendering template within layouts/topics
Rendering topics/index
Completed in 10ms (View: 5, DB: 1) | 200 OK [http://localhost/topics]


Processing TopicsController#edit (for 127.0.0.1 at 2009-06-13 14:35:07) [GET]
  Parameters: {"id"=>"1"}
  [4;36;1mTopic Load (0.3ms)[0m   [0;1mSELECT * FROM "topics" WHERE ("topics"."id" = 1) [0m
Rendering template within layouts/topics
Rendering topics/edit
Completed in 15ms (View: 8, DB: 0) | 200 OK [http://localhost/topics/1/edit]


Processing TopicsController#destroy (for 127.0.0.1 at 2009-06-13 14:35:12) [DELETE]
  Parameters: {"authenticity_token"=>"6WF1uCSR1ZpaanjxFrDDmWHaiPXt1TlD6hAQLqjiiAM=", "id"=>"1"}
  [4;35;1mTopic Load (0.3ms)[0m   [0mSELECT * FROM "topics" WHERE ("topics"."id" = 1) [0m
  [4;36;1mTopic Destroy (0.8ms)[0m   [0;1mDELETE FROM "topics" WHERE "id" = 1[0m
Redirected to http://localhost:3000/topics
Completed in 12ms (DB: 1) | 302 Found [http://localhost/topics/1]


Processing TopicsController#index (for 127.0.0.1 at 2009-06-13 14:35:12) [GET]
  [4;35;1mTopic Load (0.5ms)[0m   [0mSELECT * FROM "topics" [0m
Rendering template within layouts/topics
Rendering topics/index
Completed in 7ms (View: 1, DB: 0) | 200 OK [http://localhost/topics]


Processing TopicsController#new (for 127.0.0.1 at 2009-06-13 14:35:56) [GET]
Rendering template within layouts/topics
Rendering topics/new
Completed in 10ms (View: 4, DB: 0) | 200 OK [http://localhost/topics/new]


Processing TopicsController#create (for 127.0.0.1 at 2009-06-13 14:36:11) [POST]
  Parameters: {"commit"=>"Create", "authenticity_token"=>"6WF1uCSR1ZpaanjxFrDDmWHaiPXt1TlD6hAQLqjiiAM=", "topic"=>{"title"=>"This is the topic I want to discuss", "description"=>"This is the information about the topic I want to discuss."}}
  [4;36;1mTopic Create (0.7ms)[0m   [0;1mINSERT INTO "topics" ("updated_at", "title", "description", "created_at") VALUES('2009-06-13 21:36:11', 'This is the topic I want to discuss', 'This is the information about the topic I want to discuss.', '2009-06-13 21:36:11')[0m
Redirected to http://localhost:3000/topics/2
Completed in 79ms (DB: 1) | 302 Found [http://localhost/topics]


Processing TopicsController#show (for 127.0.0.1 at 2009-06-13 14:36:11) [GET]
  Parameters: {"id"=>"2"}
  [4;35;1mTopic Load (0.3ms)[0m   [0mSELECT * FROM "topics" WHERE ("topics"."id" = 2) [0m
Rendering template within layouts/topics
Rendering topics/show
Completed in 12ms (View: 3, DB: 0) | 200 OK [http://localhost/topics/2]


Processing TopicsController#index (for 127.0.0.1 at 2009-06-13 14:38:40) [GET]
  [4;36;1mTopic Load (0.6ms)[0m   [0;1mSELECT * FROM "topics" [0m
Rendering template within layouts/topics
Rendering topics/index
Completed in 13ms (View: 5, DB: 1) | 200 OK [http://localhost/topics]


Processing TopicsController#new (for 127.0.0.1 at 2009-06-13 14:38:42) [GET]
Rendering template within layouts/topics
Rendering topics/new
Completed in 10ms (View: 4, DB: 0) | 200 OK [http://localhost/topics/new]


Processing TopicsController#new (for 127.0.0.1 at 2009-06-13 14:38:45) [GET]
Rendering template within layouts/topics
Rendering topics/new
Completed in 10ms (View: 4, DB: 0) | 200 OK [http://localhost/topics/new]


Processing TopicsController#create (for 127.0.0.1 at 2009-06-13 14:38:52) [POST]
  Parameters: {"commit"=>"Create", "authenticity_token"=>"6WF1uCSR1ZpaanjxFrDDmWHaiPXt1TlD6hAQLqjiiAM=", "topic"=>{"title"=>"Aow", "description"=>"sdlkfj"}}
  [4;35;1mTopic Create (0.7ms)[0m   [0mINSERT INTO "topics" ("updated_at", "title", "description", "created_at") VALUES('2009-06-13 21:38:52', 'Aow', 'sdlkfj', '2009-06-13 21:38:52')[0m
Redirected to http://localhost:3000/topics/3
Completed in 15ms (DB: 1) | 302 Found [http://localhost/topics]


Processing TopicsController#show (for 127.0.0.1 at 2009-06-13 14:38:52) [GET]
  Parameters: {"id"=>"3"}
  [4;36;1mTopic Load (0.2ms)[0m   [0;1mSELECT * FROM "topics" WHERE ("topics"."id" = 3) [0m
Rendering template within layouts/topics
Rendering topics/show
Completed in 10ms (View: 4, DB: 0) | 200 OK [http://localhost/topics/3]


Processing TopicsController#index (for 127.0.0.1 at 2009-06-13 14:38:54) [GET]
  [4;35;1mTopic Load (0.6ms)[0m   [0mSELECT * FROM "topics" [0m
Rendering template within layouts/topics
Rendering topics/index
Completed in 11ms (View: 5, DB: 1) | 200 OK [http://localhost/topics]


Processing TopicsController#destroy (for 127.0.0.1 at 2009-06-13 14:39:00) [DELETE]
  Parameters: {"authenticity_token"=>"6WF1uCSR1ZpaanjxFrDDmWHaiPXt1TlD6hAQLqjiiAM=", "id"=>"2"}
  [4;36;1mTopic Load (0.4ms)[0m   [0;1mSELECT * FROM "topics" WHERE ("topics"."id" = 2) [0m
  [4;35;1mTopic Destroy (0.5ms)[0m   [0mDELETE FROM "topics" WHERE "id" = 2[0m
Redirected to http://localhost:3000/topics
Completed in 11ms (DB: 1) | 302 Found [http://localhost/topics/2]


Processing TopicsController#index (for 127.0.0.1 at 2009-06-13 14:39:00) [GET]
  [4;36;1mTopic Load (0.6ms)[0m   [0;1mSELECT * FROM "topics" [0m
Rendering template within layouts/topics
Rendering topics/index
Completed in 10ms (View: 4, DB: 1) | 200 OK [http://localhost/topics]


Processing TopicsController#destroy (for 127.0.0.1 at 2009-06-13 14:39:03) [DELETE]
  Parameters: {"authenticity_token"=>"6WF1uCSR1ZpaanjxFrDDmWHaiPXt1TlD6hAQLqjiiAM=", "id"=>"3"}
  [4;35;1mTopic Load (0.3ms)[0m   [0mSELECT * FROM "topics" WHERE ("topics"."id" = 3) [0m
  [4;36;1mTopic Destroy (0.5ms)[0m   [0;1mDELETE FROM "topics" WHERE "id" = 3[0m
Redirected to http://localhost:3000/topics
Completed in 12ms (DB: 1) | 302 Found [http://localhost/topics/3]


Processing TopicsController#index (for 127.0.0.1 at 2009-06-13 14:39:03) [GET]
  [4;35;1mTopic Load (0.5ms)[0m   [0mSELECT * FROM "topics" [0m
Rendering template within layouts/topics
Rendering topics/index
Completed in 8ms (View: 2, DB: 1) | 200 OK [http://localhost/topics]


Processing TopicsController#show (for 127.0.0.1 at 2009-06-13 14:39:44) [GET]
  Parameters: {"id"=>"1"}
  [4;36;1mTopic Load (0.2ms)[0m   [0;1mSELECT * FROM "topics" WHERE ("topics"."id" = 1) [0m

ActiveRecord::RecordNotFound (Couldn't find Topic with ID=1):
  app/controllers/topics_controller.rb:16:in `show'

Rendered rescues/_trace (50.6ms)
Rendered rescues/_request_and_response (2.1ms)
Rendering rescues/layout (not_found)


Processing TopicsController#new (for 127.0.0.1 at 2009-06-13 14:39:47) [GET]
Rendering template within layouts/topics
Rendering topics/new
Completed in 78ms (View: 5, DB: 0) | 200 OK [http://localhost/topics/new]


Processing TopicsController#create (for 127.0.0.1 at 2009-06-13 14:39:50) [POST]
  Parameters: {"commit"=>"Create", "authenticity_token"=>"6WF1uCSR1ZpaanjxFrDDmWHaiPXt1TlD6hAQLqjiiAM=", "topic"=>{"title"=>"ab", "description"=>"b"}}
  [4;35;1mTopic Create (0.5ms)[0m   [0mINSERT INTO "topics" ("updated_at", "title", "description", "created_at") VALUES('2009-06-13 21:39:50', 'ab', 'b', '2009-06-13 21:39:50')[0m
Redirected to http://localhost:3000/topics/4
Completed in 15ms (DB: 1) | 302 Found [http://localhost/topics]


Processing TopicsController#show (for 127.0.0.1 at 2009-06-13 14:39:50) [GET]
  Parameters: {"id"=>"4"}
  [4;36;1mTopic Load (0.3ms)[0m   [0;1mSELECT * FROM "topics" WHERE ("topics"."id" = 4) [0m
Rendering template within layouts/topics
Rendering topics/show
Completed in 11ms (View: 3, DB: 0) | 200 OK [http://localhost/topics/4]


Processing TopicsController#show (for 127.0.0.1 at 2009-06-13 14:39:55) [GET]
  Parameters: {"id"=>"1"}
  [4;35;1mTopic Load (0.2ms)[0m   [0mSELECT * FROM "topics" WHERE ("topics"."id" = 1) [0m

ActiveRecord::RecordNotFound (Couldn't find Topic with ID=1):
  app/controllers/topics_controller.rb:16:in `show'

Rendered rescues/_trace (45.1ms)
Rendered rescues/_request_and_response (0.4ms)
Rendering rescues/layout (not_found)


Processing TopicsController#show (for 127.0.0.1 at 2009-06-13 14:39:58) [GET]
  Parameters: {"id"=>"4"}
  [4;36;1mTopic Load (0.4ms)[0m   [0;1mSELECT * FROM "topics" WHERE ("topics"."id" = 4) [0m
Rendering template within layouts/topics
Rendering topics/show
Completed in 17ms (View: 4, DB: 0) | 200 OK [http://localhost/topics/4]
